<?xml version="1.0" encoding="UTF-8"?>
<!-- Generated by org.testng.reporters.JUnitXMLReporter -->
<testsuite ignored="0" hostname="Saravanans-MacBook-Air.local" failures="2" tests="5" name="Test" time="21.529" errors="0" timestamp="2020-11-07T22:54:55 IST">
  <testcase classname="day6.MyntraSunglassApplicationURL" name="@BeforeMethod browserApplication" time="1.677">
    <failure type="org.openqa.selenium.WebDriverException" message="Timed out waiting for driver server to start.
Build info: version: &amp;apos;4.0.0-alpha-6&amp;apos;, revision: &amp;apos;5f43a29cfc&amp;apos;
System info: host: &amp;apos;Saravanans-MacBook-Air.local&amp;apos;, ip: &amp;apos;192.168.1.121&amp;apos;, os.name: &amp;apos;Mac OS X&amp;apos;, os.arch: &amp;apos;x86_64&amp;apos;, os.version: &amp;apos;10.15.7&amp;apos;, java.version: &amp;apos;11.0.8&amp;apos;
Driver info: driver.version: ChromeDriver">
      <![CDATA[org.openqa.selenium.WebDriverException: Timed out waiting for driver server to start.
Build info: version: '4.0.0-alpha-6', revision: '5f43a29cfc'
System info: host: 'Saravanans-MacBook-Air.local', ip: '192.168.1.121', os.name: 'Mac OS X', os.arch: 'x86_64', os.version: '10.15.7', java.version: '11.0.8'
Driver info: driver.version: ChromeDriver
at org.openqa.selenium.remote.service.DriverService.start(DriverService.java:210)
at org.openqa.selenium.remote.service.DriverCommandExecutor.execute(DriverCommandExecutor.java:79)
at org.openqa.selenium.remote.RemoteWebDriver.execute(RemoteWebDriver.java:582)
at org.openqa.selenium.remote.RemoteWebDriver.startSession(RemoteWebDriver.java:216)
at org.openqa.selenium.remote.RemoteWebDriver.<init>(RemoteWebDriver.java:136)
at org.openqa.selenium.chromium.ChromiumDriver.<init>(ChromiumDriver.java:75)
at org.openqa.selenium.chrome.ChromeDriver.<init>(ChromeDriver.java:163)
at org.openqa.selenium.chrome.ChromeDriver.<init>(ChromeDriver.java:150)
at org.openqa.selenium.chrome.ChromeDriver.<init>(ChromeDriver.java:139)
at day6.MyntraSunglassApplicationURL.browserApplication(MyntraSunglassApplicationURL.java:20)
at java.base/java.util.ArrayList.forEach(ArrayList.java:1541)
Caused by: java.util.concurrent.ExecutionException: java.lang.RuntimeException: java.lang.InterruptedException
at java.base/java.util.concurrent.CompletableFuture.reportGet(CompletableFuture.java:395)
at java.base/java.util.concurrent.CompletableFuture.get(CompletableFuture.java:2022)
at org.openqa.selenium.remote.service.DriverService.start(DriverService.java:204)
... 41 more
Caused by: java.lang.RuntimeException: java.lang.InterruptedException
at org.openqa.selenium.net.UrlChecker.waitUntilAvailable(UrlChecker.java:95)
at org.openqa.selenium.remote.service.DriverService.waitUntilAvailable(DriverService.java:227)
at org.openqa.selenium.remote.service.DriverService.lambda$start$0(DriverService.java:193)
at java.base/java.util.concurrent.CompletableFuture$AsyncSupply.run(CompletableFuture.java:1700)
at java.base/java.util.concurrent.CompletableFuture$AsyncSupply.exec(CompletableFuture.java:1692)
at java.base/java.util.concurrent.ForkJoinTask.doExec(ForkJoinTask.java:290)
at java.base/java.util.concurrent.ForkJoinPool$WorkQueue.topLevelExec(ForkJoinPool.java:1020)
at java.base/java.util.concurrent.ForkJoinPool.scan(ForkJoinPool.java:1656)
at java.base/java.util.concurrent.ForkJoinPool.runWorker(ForkJoinPool.java:1594)
at java.base/java.util.concurrent.ForkJoinWorkerThread.run(ForkJoinWorkerThread.java:183)
Caused by: java.lang.InterruptedException
at java.base/java.util.concurrent.FutureTask.awaitDone(FutureTask.java:418)
at java.base/java.util.concurrent.FutureTask.get(FutureTask.java:203)
at org.openqa.selenium.net.UrlChecker.waitUntilAvailable(UrlChecker.java:88)
... 9 more
... Removed 31 stack frames]]>
    </failure>
  </testcase> <!-- @BeforeMethod browserApplication -->
  <testcase classname="day6.MyntraSunglassApplicationURL" name="@AfterMethod broserClose" time="-1.604769895299E9">
    <skipped/>
  </testcase> <!-- @AfterMethod broserClose -->
  <testcase classname="day6.MyntraSunglassApplicationURL" name="@BeforeMethod browserApplication" time="-1.604769895301E9">
    <skipped/>
  </testcase> <!-- @BeforeMethod browserApplication -->
  <testcase classname="day6.MyntraSunglassApplicationURL" name="@AfterMethod broserClose" time="-1.604769895308E9">
    <skipped/>
  </testcase> <!-- @AfterMethod broserClose -->
  <testcase classname="day6.MyntraSunglassfunctions" name="filterByBrand" time="0.052">
    <failure type="org.openqa.selenium.NoSuchElementException" message="no such element: Unable to locate element: {&amp;quot;method&amp;quot;:&amp;quot;xpath&amp;quot;,&amp;quot;selector&amp;quot;:&amp;quot;//*[@class=&amp;apos;brand-more&amp;apos;]&amp;quot;}
  (Session info: chrome=86.0.4240.183)
For documentation on this error, please visit: https://selenium.dev/exceptions/#no_such_element
Build info: version: &amp;apos;4.0.0-alpha-6&amp;apos;, revision: &amp;apos;5f43a29cfc&amp;apos;
System info: host: &amp;apos;Saravanans-MacBook-Air.local&amp;apos;, ip: &amp;apos;192.168.1.121&amp;apos;, os.name: &amp;apos;Mac OS X&amp;apos;, os.arch: &amp;apos;x86_64&amp;apos;, os.version: &amp;apos;10.15.7&amp;apos;, java.version: &amp;apos;11.0.8&amp;apos;
Driver info: org.openqa.selenium.chrome.ChromeDriver
Capabilities {acceptInsecureCerts: false, browserName: chrome, browserVersion: 86.0.4240.183, chrome: {chromedriverVersion: 86.0.4240.22 (398b0743353ff..., userDataDir: /var/folders/4w/wpxxzss177l...}, goog:chromeOptions: {debuggerAddress: localhost:49874}, javascriptEnabled: true, networkConnectionEnabled: false, pageLoadStrategy: normal, platform: MAC, platformName: MAC, proxy: Proxy(), setWindowRect: true, strictFileInteractability: false, timeouts: {implicit: 0, pageLoad: 300000, script: 30000}, unhandledPromptBehavior: dismiss and notify, webauthn:virtualAuthenticators: true}
Session ID: fae03b05df3634e0b6fc43d064849eff
*** Element info: {Using=xpath, value=//*[@class=&amp;apos;brand-more&amp;apos;]}">
      <![CDATA[org.openqa.selenium.NoSuchElementException: no such element: Unable to locate element: {"method":"xpath","selector":"//*[@class='brand-more']"}
  (Session info: chrome=86.0.4240.183)
For documentation on this error, please visit: https://selenium.dev/exceptions/#no_such_element
Build info: version: '4.0.0-alpha-6', revision: '5f43a29cfc'
System info: host: 'Saravanans-MacBook-Air.local', ip: '192.168.1.121', os.name: 'Mac OS X', os.arch: 'x86_64', os.version: '10.15.7', java.version: '11.0.8'
Driver info: org.openqa.selenium.chrome.ChromeDriver
Capabilities {acceptInsecureCerts: false, browserName: chrome, browserVersion: 86.0.4240.183, chrome: {chromedriverVersion: 86.0.4240.22 (398b0743353ff..., userDataDir: /var/folders/4w/wpxxzss177l...}, goog:chromeOptions: {debuggerAddress: localhost:49874}, javascriptEnabled: true, networkConnectionEnabled: false, pageLoadStrategy: normal, platform: MAC, platformName: MAC, proxy: Proxy(), setWindowRect: true, strictFileInteractability: false, timeouts: {implicit: 0, pageLoad: 300000, script: 30000}, unhandledPromptBehavior: dismiss and notify, webauthn:virtualAuthenticators: true}
Session ID: fae03b05df3634e0b6fc43d064849eff
*** Element info: {Using=xpath, value=//*[@class='brand-more']}
at org.openqa.selenium.remote.codec.w3c.W3CHttpResponseCodec.createException(W3CHttpResponseCodec.java:196)
at org.openqa.selenium.remote.codec.w3c.W3CHttpResponseCodec.decode(W3CHttpResponseCodec.java:129)
at org.openqa.selenium.remote.codec.w3c.W3CHttpResponseCodec.decode(W3CHttpResponseCodec.java:53)
at org.openqa.selenium.remote.HttpCommandExecutor.execute(HttpCommandExecutor.java:160)
at org.openqa.selenium.remote.service.DriverCommandExecutor.execute(DriverCommandExecutor.java:83)
at org.openqa.selenium.remote.RemoteWebDriver.execute(RemoteWebDriver.java:582)
at org.openqa.selenium.remote.RemoteWebDriver.findElement(RemoteWebDriver.java:333)
at org.openqa.selenium.remote.RemoteWebDriver.findElementByXPath(RemoteWebDriver.java:451)
at day6.MyntraSunglassfunctions.filterByBrand(MyntraSunglassfunctions.java:25)
at java.base/java.util.ArrayList.forEach(ArrayList.java:1541)
... Removed 31 stack frames]]>
    </failure>
  </testcase> <!-- filterByBrand -->
  <testcase classname="day6.MyntraSunglassfunctions" name="filterByGenderAndType" time="0.029">
    <failure type="org.openqa.selenium.NoSuchElementException" message="no such element: Unable to locate element: {&amp;quot;method&amp;quot;:&amp;quot;xpath&amp;quot;,&amp;quot;selector&amp;quot;:&amp;quot;//*[@class=&amp;apos;gender-list&amp;apos;]/li[1]/label&amp;quot;}
  (Session info: chrome=86.0.4240.183)
For documentation on this error, please visit: https://selenium.dev/exceptions/#no_such_element
Build info: version: &amp;apos;4.0.0-alpha-6&amp;apos;, revision: &amp;apos;5f43a29cfc&amp;apos;
System info: host: &amp;apos;Saravanans-MacBook-Air.local&amp;apos;, ip: &amp;apos;192.168.1.121&amp;apos;, os.name: &amp;apos;Mac OS X&amp;apos;, os.arch: &amp;apos;x86_64&amp;apos;, os.version: &amp;apos;10.15.7&amp;apos;, java.version: &amp;apos;11.0.8&amp;apos;
Driver info: org.openqa.selenium.chrome.ChromeDriver
Capabilities {acceptInsecureCerts: false, browserName: chrome, browserVersion: 86.0.4240.183, chrome: {chromedriverVersion: 86.0.4240.22 (398b0743353ff..., userDataDir: /var/folders/4w/wpxxzss177l...}, goog:chromeOptions: {debuggerAddress: localhost:49905}, javascriptEnabled: true, networkConnectionEnabled: false, pageLoadStrategy: normal, platform: MAC, platformName: MAC, proxy: Proxy(), setWindowRect: true, strictFileInteractability: false, timeouts: {implicit: 0, pageLoad: 300000, script: 30000}, unhandledPromptBehavior: dismiss and notify, webauthn:virtualAuthenticators: true}
Session ID: c43563d8804ec5dc6eb3abdf69cce81d
*** Element info: {Using=xpath, value=//*[@class=&amp;apos;gender-list&amp;apos;]/li[1]/label}">
      <![CDATA[org.openqa.selenium.NoSuchElementException: no such element: Unable to locate element: {"method":"xpath","selector":"//*[@class='gender-list']/li[1]/label"}
  (Session info: chrome=86.0.4240.183)
For documentation on this error, please visit: https://selenium.dev/exceptions/#no_such_element
Build info: version: '4.0.0-alpha-6', revision: '5f43a29cfc'
System info: host: 'Saravanans-MacBook-Air.local', ip: '192.168.1.121', os.name: 'Mac OS X', os.arch: 'x86_64', os.version: '10.15.7', java.version: '11.0.8'
Driver info: org.openqa.selenium.chrome.ChromeDriver
Capabilities {acceptInsecureCerts: false, browserName: chrome, browserVersion: 86.0.4240.183, chrome: {chromedriverVersion: 86.0.4240.22 (398b0743353ff..., userDataDir: /var/folders/4w/wpxxzss177l...}, goog:chromeOptions: {debuggerAddress: localhost:49905}, javascriptEnabled: true, networkConnectionEnabled: false, pageLoadStrategy: normal, platform: MAC, platformName: MAC, proxy: Proxy(), setWindowRect: true, strictFileInteractability: false, timeouts: {implicit: 0, pageLoad: 300000, script: 30000}, unhandledPromptBehavior: dismiss and notify, webauthn:virtualAuthenticators: true}
Session ID: c43563d8804ec5dc6eb3abdf69cce81d
*** Element info: {Using=xpath, value=//*[@class='gender-list']/li[1]/label}
at org.openqa.selenium.remote.codec.w3c.W3CHttpResponseCodec.createException(W3CHttpResponseCodec.java:196)
at org.openqa.selenium.remote.codec.w3c.W3CHttpResponseCodec.decode(W3CHttpResponseCodec.java:129)
at org.openqa.selenium.remote.codec.w3c.W3CHttpResponseCodec.decode(W3CHttpResponseCodec.java:53)
at org.openqa.selenium.remote.HttpCommandExecutor.execute(HttpCommandExecutor.java:160)
at org.openqa.selenium.remote.service.DriverCommandExecutor.execute(DriverCommandExecutor.java:83)
at org.openqa.selenium.remote.RemoteWebDriver.execute(RemoteWebDriver.java:582)
at org.openqa.selenium.remote.RemoteWebDriver.findElement(RemoteWebDriver.java:333)
at org.openqa.selenium.remote.RemoteWebDriver.findElementByXPath(RemoteWebDriver.java:451)
at day6.MyntraSunglassfunctions.filterByGenderAndType(MyntraSunglassfunctions.java:43)
at java.base/java.util.ArrayList.forEach(ArrayList.java:1541)
... Removed 31 stack frames]]>
    </failure>
  </testcase> <!-- filterByGenderAndType -->
  <testcase classname="day6.MyntraSunglassfunctions" name="searchByProduct" time="4.711"/>
  <testcase classname="day6.MyntraSunglassfunctions" name="simillarProducts" time="0.0">
    <skipped/>
  </testcase> <!-- simillarProducts -->
  <testcase classname="day6.MyntraSunglassfunctions" name="totalProduct" time="0.0">
    <skipped/>
  </testcase> <!-- totalProduct -->
</testsuite> <!-- Test -->
